
  .   ____          _            __ _ _
 /\\ / ___'_ __ _ _(_)_ __  __ _ \ \ \ \
( ( )\___ | '_ | '_| | '_ \/ _` | \ \ \ \
 \\/  ___)| |_)| | | | | || (_| |  ) ) ) )
  '  |____| .__|_| |_|_| |_\__, | / / / /
 =========|_|==============|___/=/_/_/_/
 :: Spring Boot ::        (v2.3.7.RELEASE)

2021-11-16 16:13:05.688  INFO 1171046 --- [           main] com.example.demo.Demo2Application        : Starting Demo2Application on VM-4-16-centos with PID 1171046 (/root/github/mygit/sgg/src/main/java/demo2-0.0.1-SNAPSHOT.jar started by root in /root/github/mygit/sgg/src/main/java)
2021-11-16 16:13:05.698  INFO 1171046 --- [           main] com.example.demo.Demo2Application        : No active profile set, falling back to default profiles: default
2021-11-16 16:13:06.750  INFO 1171046 --- [           main] trationDelegate$BeanPostProcessorChecker : Bean 'org.springframework.ws.config.annotation.DelegatingWsConfiguration' of type [org.springframework.ws.config.annotation.DelegatingWsConfiguration$$EnhancerBySpringCGLIB$$9765510c] is not eligible for getting processed by all BeanPostProcessors (for example: not eligible for auto-proxying)
2021-11-16 16:13:06.818  INFO 1171046 --- [           main] .w.s.a.s.AnnotationActionEndpointMapping : Supporting [WS-Addressing August 2004, WS-Addressing 1.0]
2021-11-16 16:13:07.238  INFO 1171046 --- [           main] o.s.b.w.embedded.tomcat.TomcatWebServer  : Tomcat initialized with port(s): 8080 (http)
2021-11-16 16:13:07.256  INFO 1171046 --- [           main] o.apache.catalina.core.StandardService   : Starting service [Tomcat]
2021-11-16 16:13:07.256  INFO 1171046 --- [           main] org.apache.catalina.core.StandardEngine  : Starting Servlet engine: [Apache Tomcat/9.0.41]
2021-11-16 16:13:07.337  INFO 1171046 --- [           main] o.a.c.c.C.[Tomcat].[localhost].[/]       : Initializing Spring embedded WebApplicationContext
2021-11-16 16:13:07.338  INFO 1171046 --- [           main] w.s.c.ServletWebServerApplicationContext : Root WebApplicationContext: initialization completed in 1526 ms
2021-11-16 16:13:07.597  INFO 1171046 --- [           main] o.s.s.concurrent.ThreadPoolTaskExecutor  : Initializing ExecutorService 'applicationTaskExecutor'
2021-11-16 16:13:07.825  INFO 1171046 --- [           main] o.s.b.w.embedded.tomcat.TomcatWebServer  : Tomcat started on port(s): 8080 (http) with context path ''
2021-11-16 16:13:07.840  INFO 1171046 --- [           main] com.example.demo.Demo2Application        : Started Demo2Application in 2.911 seconds (JVM running for 3.447)
2021-11-16 16:13:08.085  INFO 1171046 --- [nio-8080-exec-1] o.a.c.c.C.[Tomcat].[localhost].[/]       : Initializing Spring DispatcherServlet 'dispatcherServlet'
2021-11-16 16:13:08.085  INFO 1171046 --- [nio-8080-exec-1] o.s.web.servlet.DispatcherServlet        : Initializing Servlet 'dispatcherServlet'
2021-11-16 16:13:08.090  INFO 1171046 --- [nio-8080-exec-1] o.s.web.servlet.DispatcherServlet        : Completed initialization in 5 ms
2021-11-16 16:58:10.605  INFO 1171046 --- [extShutdownHook] o.s.s.concurrent.ThreadPoolTaskExecutor  : Shutting down ExecutorService 'applicationTaskExecutor'
